-------------------------------------------------------------------------------
Test set: pikseltest.RoyaltiesControllerTests
-------------------------------------------------------------------------------
Tests run: 5, Failures: 1, Errors: 0, Skipped: 0, Time elapsed: 3.671 s <<< FAILURE! - in pikseltest.RoyaltiesControllerTests
paymentsOKTest(pikseltest.RoyaltiesControllerTests)  Time elapsed: 1.041 s  <<< FAILURE!
java.lang.AssertionError
	at pikseltest.RoyaltiesControllerTests.paymentsOKTest(RoyaltiesControllerTests.java:141)

